-------------------------------------------------------------------------------
Test set: com.pomodoro.pomo.PomoApplicationTests
-------------------------------------------------------------------------------
Tests run: 1, Failures: 0, Errors: 1, Skipped: 0, Time elapsed: 2.593 s <<< FAILURE! - in com.pomodoro.pomo.PomoApplicationTests
contextLoads  Time elapsed: 0.001 s  <<< ERROR!
java.lang.IllegalStateException: Failed to load ApplicationContext
Caused by: org.springframework.beans.factory.BeanCreationException: Error creating bean with name 'OAuthConfig' defined in file [C:\Users\barms\OneDrive\Desktop\pomodoro\pomo\target\classes\com\pomodoro\pomo\config\OAuthConfig.class]: Instantiation of bean failed; nested exception is org.springframework.beans.BeanInstantiationException: Failed to instantiate [com.pomodoro.pomo.config.OAuthConfig$$EnhancerBySpringCGLIB$$b9a051a7]: Constructor threw exception; nested exception is java.lang.RuntimeException: Unable to access secret from Google Secret Manager
Caused by: org.springframework.beans.BeanInstantiationException: Failed to instantiate [com.pomodoro.pomo.config.OAuthConfig$$EnhancerBySpringCGLIB$$b9a051a7]: Constructor threw exception; nested exception is java.lang.RuntimeException: Unable to access secret from Google Secret Manager
Caused by: java.lang.RuntimeException: Unable to access secret from Google Secret Manager
Caused by: java.io.IOException: Your default credentials were not found. To set up Application Default Credentials for your environment, see https://cloud.google.com/docs/authentication/external/set-up-adc.

